TN:
SF:src/MintBurnToken.sol
FN:27,MintBurnToken.mint
FNDA:58,MintBurnToken.mint
DA:28,58
DA:28,58
FNF:1
FNH:1
LF:1
LH:1
BRF:0
BRH:0
end_of_record
TN:
SF:src/PortalNFT.sol
FN:57,PortalNFT.getAccount
FNDA:2,PortalNFT.getAccount
DA:60,4
DA:60,4
DA:62,4
DA:62,4
DA:64,4
DA:64,4
DA:69,4
DA:69,4
DA:74,4
DA:74,4
DA:79,4
DA:79,4
DA:80,4
DA:80,4
FN:84,PortalNFT.mint
FNDA:6,PortalNFT.mint
DA:90,5
DA:90,5
DA:91,5
DA:91,5
DA:92,5
DA:92,5
DA:94,5
DA:94,5
DA:95,5
DA:95,5
DA:96,5
DA:96,5
DA:97,5
DA:97,5
DA:98,5
DA:98,5
DA:100,5
DA:100,5
DA:102,5
DA:102,5
FN:107,PortalNFT.redeem
FNDA:4,PortalNFT.redeem
DA:111,4
DA:111,4
DA:111,4
BRDA:111,0,0,2
BRDA:111,0,1,2
DA:112,2
DA:112,2
DA:116,2
DA:116,2
DA:119,2
DA:119,2
DA:120,2
DA:120,2
FNF:3
FNH:3
LF:22
LH:22
BRF:2
BRH:2
end_of_record
TN:
SF:src/PortalV2MultiAsset.sol
FN:204,PortalV2MultiAsset.getUpdateAccount
FNDA:25,PortalV2MultiAsset.getUpdateAccount
DA:222,67
DA:222,67
DA:225,67
DA:225,67
DA:226,67
DA:226,67
DA:227,67
DA:227,67
DA:228,67
DA:228,67
DA:228,67
DA:229,67
DA:229,67
DA:229,67
DA:231,67
DA:231,67
DA:231,67
DA:231,67
DA:232,67
DA:232,67
DA:235,67
DA:235,67
DA:235,67
DA:235,8
BRDA:235,0,0,3
BRDA:235,0,1,64
DA:236,3
DA:236,3
DA:241,64
DA:241,64
BRDA:241,1,0,31
BRDA:241,1,1,64
DA:243,31
DA:243,31
DA:243,31
DA:246,31
DA:246,31
DA:246,31
DA:249,31
DA:249,31
DA:255,64
DA:255,64
DA:255,64
DA:258,64
DA:258,64
DA:266,64
DA:266,64
DA:269,64
DA:269,64
DA:272,64
DA:272,64
DA:277,64
DA:277,64
DA:281,64
DA:281,64
DA:291,64
DA:291,64
FN:303,PortalV2MultiAsset._updateAccount
FNDA:29,PortalV2MultiAsset._updateAccount
DA:310,29
DA:310,29
DA:311,29
DA:311,29
DA:312,29
DA:312,29
DA:313,29
DA:313,29
DA:314,29
DA:314,29
DA:315,29
DA:315,29
DA:318,29
DA:318,29
FN:336,PortalV2MultiAsset.stake
FNDA:22,PortalV2MultiAsset.stake
DA:340,22
DA:340,22
DA:340,22
BRDA:340,2,0,-
BRDA:340,2,1,5
DA:342,5
DA:342,5
DA:343,5
DA:343,5
DA:346,5
DA:346,5
DA:350,17
DA:350,17
BRDA:350,3,0,1
BRDA:350,3,1,16
DA:351,1
DA:351,1
DA:355,16
DA:355,16
DA:363,21
DA:363,21
BRDA:363,4,0,2
BRDA:363,4,1,19
DA:364,2
DA:364,2
DA:368,19
DA:368,19
DA:376,19
DA:376,19
DA:379,19
DA:379,19
DA:382,19
DA:382,19
DA:385,19
DA:385,19
DA:388,18
DA:388,18
FN:399,PortalV2MultiAsset.unstake
FNDA:7,PortalV2MultiAsset.unstake
DA:401,7
DA:401,7
BRDA:401,5,0,1
BRDA:401,5,1,6
DA:402,1
DA:402,1
DA:407,6
DA:407,6
DA:415,6
DA:415,6
DA:418,4
DA:418,4
DA:421,4
DA:421,4
DA:424,4
DA:424,4
BRDA:424,6,0,-
BRDA:424,6,1,1
DA:425,1
DA:425,1
DA:429,4
DA:429,4
DA:436,4
DA:436,4
FN:445,PortalV2MultiAsset.create_portalNFT
FNDA:9,PortalV2MultiAsset.create_portalNFT
DA:447,9
BRDA:447,7,0,1
BRDA:447,7,1,8
DA:448,1
DA:448,1
DA:452,8
DA:452,8
DA:455,8
DA:455,8
DA:455,8
DA:457,8
DA:457,8
DA:457,8
DA:460,8
DA:460,8
FN:472,PortalV2MultiAsset.mintNFTposition
FNDA:7,PortalV2MultiAsset.mintNFTposition
DA:474,7
DA:474,7
DA:474,7
BRDA:474,8,0,1
BRDA:474,8,1,6
DA:475,1
DA:475,1
DA:479,6
DA:479,6
DA:487,6
DA:487,6
DA:490,6
DA:490,6
DA:490,6
DA:490,1
BRDA:490,9,0,1
BRDA:490,9,1,5
DA:491,1
DA:491,1
DA:494,5
DA:494,5
DA:497,5
DA:497,5
DA:497,5
DA:505,5
DA:505,5
FN:513,PortalV2MultiAsset.redeemNFTposition
FNDA:4,PortalV2MultiAsset.redeemNFTposition
DA:515,4
DA:515,4
DA:523,4
DA:523,4
DA:526,4
DA:526,4
DA:526,4
DA:532,2
DA:532,2
DA:533,2
DA:533,2
DA:534,2
DA:534,2
DA:535,2
DA:535,2
DA:538,2
DA:538,2
FN:553,PortalV2MultiAsset.buyPortalEnergy
FNDA:7,PortalV2MultiAsset.buyPortalEnergy
DA:560,7
DA:560,7
DA:560,7
DA:560,6
BRDA:560,10,0,2
BRDA:560,10,1,5
DA:561,2
DA:561,2
DA:565,5
DA:565,5
DA:565,5
BRDA:565,11,0,1
BRDA:565,11,1,4
DA:566,1
DA:566,1
DA:570,4
DA:570,4
BRDA:570,12,0,1
BRDA:570,12,1,3
DA:571,1
DA:571,1
DA:575,3
DA:575,3
DA:575,3
DA:578,3
DA:578,3
BRDA:578,13,0,1
BRDA:578,13,1,2
DA:579,1
DA:579,1
DA:583,2
DA:583,2
DA:586,2
DA:586,2
DA:593,2
DA:593,2
FN:605,PortalV2MultiAsset.sellPortalEnergy
FNDA:7,PortalV2MultiAsset.sellPortalEnergy
DA:612,7
DA:612,7
DA:612,7
DA:612,6
BRDA:612,14,0,2
BRDA:612,14,1,5
DA:613,2
DA:613,2
DA:617,5
DA:617,5
DA:617,5
BRDA:617,15,0,1
BRDA:617,15,1,4
DA:618,1
DA:618,1
DA:622,4
DA:622,4
BRDA:622,16,0,1
BRDA:622,16,1,3
DA:623,1
DA:623,1
DA:627,3
DA:627,3
DA:635,3
DA:635,3
DA:638,3
DA:638,3
BRDA:638,17,0,1
BRDA:638,17,1,2
DA:639,1
DA:639,1
DA:643,2
DA:643,2
DA:643,2
DA:646,2
DA:646,2
BRDA:646,18,0,1
BRDA:646,18,1,1
DA:647,1
DA:647,1
DA:651,1
DA:651,1
DA:654,1
DA:654,1
DA:657,1
DA:657,1
DA:660,1
DA:660,1
FN:669,PortalV2MultiAsset.quoteBuyPortalEnergy
FNDA:2,PortalV2MultiAsset.quoteBuyPortalEnergy
DA:673,4
DA:673,4
DA:673,4
DA:673,4
DA:674,4
DA:674,4
DA:677,4
DA:677,4
DA:677,4
DA:681,4
DA:681,4
DA:686,4
DA:686,4
FN:697,PortalV2MultiAsset.quoteSellPortalEnergy
FNDA:2,PortalV2MultiAsset.quoteSellPortalEnergy
DA:701,3
DA:701,3
DA:701,3
DA:701,3
DA:702,3
DA:702,3
DA:706,3
DA:706,3
DA:706,3
DA:711,3
DA:711,3
FN:722,PortalV2MultiAsset.concatenate
FNDA:30,PortalV2MultiAsset.concatenate
DA:726,30
DA:726,30
DA:726,30
FN:732,PortalV2MultiAsset.create_portalEnergyToken
FNDA:8,PortalV2MultiAsset.create_portalEnergyToken
DA:733,8
BRDA:733,19,0,1
BRDA:733,19,1,7
DA:734,1
DA:734,1
DA:738,7
DA:738,7
DA:741,7
DA:741,7
DA:741,7
DA:743,7
DA:743,7
DA:743,7
DA:746,7
DA:746,7
FN:754,PortalV2MultiAsset.burnPortalEnergyToken
FNDA:4,PortalV2MultiAsset.burnPortalEnergyToken
DA:759,4
DA:759,4
BRDA:759,20,0,1
BRDA:759,20,1,3
DA:760,1
DA:760,1
DA:762,3
DA:762,3
DA:762,3
BRDA:762,21,0,1
BRDA:762,21,1,2
DA:763,1
DA:763,1
DA:767,2
DA:767,2
DA:770,2
DA:770,2
DA:773,1
DA:773,1
FN:782,PortalV2MultiAsset.mintPortalEnergyToken
FNDA:6,PortalV2MultiAsset.mintPortalEnergyToken
DA:787,6
DA:787,6
BRDA:787,22,0,1
BRDA:787,22,1,5
DA:788,1
DA:788,1
DA:790,5
DA:790,5
DA:790,5
BRDA:790,23,0,1
BRDA:790,23,1,4
DA:791,1
DA:791,1
DA:795,4
DA:795,4
DA:803,4
DA:803,4
DA:806,4
DA:806,4
BRDA:806,24,0,1
BRDA:806,24,1,3
DA:807,1
DA:807,1
DA:811,3
DA:811,3
DA:814,3
DA:814,3
DA:817,3
DA:817,3
DA:820,3
DA:820,3
FN:826,PortalV2MultiAsset.updateMaxLockDuration
FNDA:7,PortalV2MultiAsset.updateMaxLockDuration
DA:828,7
DA:828,7
BRDA:828,25,0,1
BRDA:828,25,1,6
DA:829,1
DA:829,1
DA:833,6
DA:833,6
DA:833,6
DA:836,6
DA:836,6
BRDA:836,26,0,1
BRDA:836,26,1,5
DA:837,1
DA:837,1
DA:841,5
DA:841,5
BRDA:841,27,0,2
BRDA:841,27,1,3
DA:842,2
DA:842,2
DA:843,2
DA:843,2
DA:844,3
DA:844,3
BRDA:844,28,0,3
BRDA:844,28,1,3
DA:845,3
DA:845,3
DA:849,5
DA:849,5
FNF:16
FNH:16
LF:152
LH:152
BRF:58
BRH:56
end_of_record
TN:
SF:src/VirtualLP.sol
FN:194,VirtualLP.PSM_sendToPortalUser
FNDA:3,VirtualLP.PSM_sendToPortalUser
DA:199,2
DA:199,2
FN:209,VirtualLP.registerPortal
FNDA:66,VirtualLP.registerPortal
DA:215,65
DA:215,65
DA:218,65
DA:218,65
FN:224,VirtualLP.removeOwner
FNDA:4,VirtualLP.removeOwner
DA:225,4
DA:225,4
BRDA:225,0,0,1
BRDA:225,0,1,3
DA:226,1
DA:226,1
DA:228,3
DA:228,3
DA:228,3
BRDA:228,1,0,1
BRDA:228,1,1,2
DA:229,1
DA:229,1
DA:232,2
DA:232,2
FN:243,VirtualLP.depositToYieldSource
FNDA:26,VirtualLP.depositToYieldSource
DA:248,24
DA:248,24
DA:248,24
BRDA:248,2,0,1
BRDA:248,2,1,22
DA:249,1
DA:249,1
DA:254,22
DA:254,22
FN:263,VirtualLP.withdrawFromYieldSource
FNDA:6,VirtualLP.withdrawFromYieldSource
DA:269,6
DA:269,6
DA:269,6
DA:273,6
DA:273,6
DA:273,6
DA:277,6
DA:277,6
DA:278,6
DA:278,6
DA:281,6
DA:281,6
DA:281,6
DA:284,6
DA:284,6
DA:285,6
DA:285,6
DA:290,6
DA:290,6
DA:293,6
DA:293,6
DA:297,6
DA:297,6
DA:297,6
BRDA:297,3,0,-
BRDA:297,3,1,2
DA:298,2
DA:298,2
DA:300,4
DA:300,4
FN:307,VirtualLP._getProfitOfPortal
FNDA:2,VirtualLP._getProfitOfPortal
DA:311,2
DA:311,2
DA:311,2
DA:312,2
DA:312,2
DA:312,2
DA:315,2
DA:315,2
DA:315,2
DA:320,2
DA:320,2
DA:320,2
DA:325,2
DA:325,2
DA:330,2
DA:330,2
FN:338,VirtualLP.getProfitOfPortal
FNDA:1,VirtualLP.getProfitOfPortal
DA:342,1
DA:342,1
DA:342,1
DA:345,1
DA:345,1
DA:345,1
DA:348,1
DA:348,1
DA:348,1
DA:349,1
DA:349,1
DA:349,1
DA:351,1
DA:351,1
FN:357,VirtualLP.collectProfitOfPortal
FNDA:1,VirtualLP.collectProfitOfPortal
DA:359,1
DA:359,1
DA:359,1
DA:361,1
DA:361,1
DA:361,1
DA:364,1
DA:364,1
DA:364,1
DA:364,0
BRDA:364,4,0,1
BRDA:364,4,1,-
DA:365,1
DA:365,1
DA:369,0
DA:369,0
FN:379,VirtualLP.increaseAllowanceVault
FNDA:21,VirtualLP.increaseAllowanceVault
DA:381,21
DA:381,21
DA:381,21
DA:384,21
DA:384,21
DA:384,21
DA:390,21
DA:390,21
FN:408,VirtualLP.convert
FNDA:13,VirtualLP.convert
DA:416,12
DA:416,12
DA:416,12
DA:416,12
DA:416,12
DA:416,12
DA:416,12
DA:416,12
DA:416,12
DA:417,11
DA:417,11
DA:418,11
DA:418,11
DA:419,11
DA:419,11
DA:420,11
DA:420,11
DA:421,11
DA:421,11
DA:422,11
DA:422,11
DA:423,11
DA:423,11
DA:423,11
BRDA:415,5,0,2
BRDA:415,5,1,10
DA:425,2
DA:425,2
DA:429,10
DA:429,10
BRDA:429,6,0,1
BRDA:429,6,1,9
DA:430,1
DA:430,1
DA:434,9
DA:434,9
BRDA:434,7,0,1
BRDA:434,7,1,8
DA:435,1
DA:435,1
DA:439,8
DA:439,8
DA:440,8
DA:440,8
DA:440,8
BRDA:440,8,0,4
BRDA:440,8,1,4
DA:441,4
DA:441,4
DA:443,4
DA:443,4
DA:447,8
DA:447,8
BRDA:447,9,0,1
BRDA:447,9,1,7
DA:448,1
DA:448,1
DA:452,7
DA:452,7
DA:452,7
DA:457,7
DA:457,7
DA:457,7
BRDA:457,10,0,2
BRDA:457,10,1,5
DA:458,2
DA:458,2
DA:460,5
DA:460,5
DA:464,7
DA:464,7
DA:471,7
DA:471,7
DA:471,7
BRDA:471,11,0,1
BRDA:471,11,1,3
DA:472,4
DA:472,4
DA:472,4
DA:475,4
DA:475,4
BRDA:475,12,0,1
BRDA:475,12,1,3
DA:476,1
DA:476,1
DA:479,3
DA:479,3
DA:482,6
DA:482,6
FN:491,VirtualLP.activateLP
FNDA:54,VirtualLP.activateLP
DA:493,53
DA:493,53
DA:493,53
BRDA:493,13,0,1
BRDA:493,13,1,52
DA:494,1
DA:494,1
DA:496,52
DA:496,52
BRDA:496,14,0,1
BRDA:496,14,1,51
DA:497,1
DA:497,1
DA:501,51
DA:501,51
DA:504,51
DA:504,51
FN:514,VirtualLP.contributeFunding
FNDA:57,VirtualLP.contributeFunding
DA:516,56
DA:516,56
BRDA:516,15,0,1
BRDA:516,15,1,55
DA:517,1
DA:517,1
DA:521,55
DA:521,55
DA:521,55
DA:524,55
DA:524,55
DA:527,55
DA:527,55
DA:530,55
DA:530,55
DA:533,55
DA:533,55
FN:542,VirtualLP.withdrawFunding
FNDA:3,VirtualLP.withdrawFunding
DA:544,2
DA:544,2
BRDA:544,16,0,1
BRDA:544,16,1,1
DA:545,1
DA:545,1
DA:549,1
DA:549,1
DA:549,1
DA:553,1
DA:553,1
DA:556,1
DA:556,1
DA:559,1
DA:559,1
DA:562,1
DA:562,1
FN:569,VirtualLP.getBurnValuePSM
FNDA:3,VirtualLP.getBurnValuePSM
DA:573,7
DA:573,7
DA:573,7
DA:576,7
DA:576,7
DA:576,7
DA:581,7
DA:581,7
DA:582,7
DA:582,7
DA:582,7
DA:584,7
DA:584,7
FN:590,VirtualLP.getBurnableBtokenAmount
FNDA:3,VirtualLP.getBurnableBtokenAmount
DA:598,4
DA:598,4
DA:598,4
DA:598,4
DA:602,4
DA:602,4
FN:611,VirtualLP.burnBtokens
FNDA:4,VirtualLP.burnBtokens
DA:613,4
DA:613,4
BRDA:613,17,0,1
BRDA:613,17,1,3
DA:614,1
DA:614,1
DA:618,3
DA:618,3
DA:618,3
DA:619,2
DA:619,2
BRDA:619,18,0,1
BRDA:619,18,1,1
DA:620,1
DA:620,1
DA:624,1
DA:624,1
DA:624,1
DA:627,1
DA:627,1
DA:630,1
DA:630,1
DA:633,1
DA:633,1
DA:636,1
DA:636,1
FN:646,VirtualLP.create_bToken
FNDA:56,VirtualLP.create_bToken
DA:647,55
BRDA:647,19,0,1
BRDA:647,19,1,54
DA:648,1
DA:648,1
DA:652,54
DA:652,54
DA:655,54
DA:655,54
DA:656,54
DA:656,54
DA:659,54
DA:659,54
DA:660,54
DA:660,54
FN:665,VirtualLP.
FNDA:0,VirtualLP.
FNF:18
FNH:17
LF:116
LH:115
BRF:40
BRH:38
end_of_record
